2023-05-25 08:46:09,276 [INFO] [ECS] Health Status: Instance ID: i-0d8ace1e54a808917, Status: initializing
2023-05-25 08:46:10,091 [INFO] [ECS] Health Status: Instance ID: i-0d8ace1e54a808917, Status: initializing
2023-05-25 08:46:46,007 [INFO] [ECS] Health Status: Instance ID: i-0d8ace1e54a808917, Status: initializing
2023-05-25 08:46:46,641 [INFO] [ECS] Shutdown: Instance ID: i-0d8ace1e54a808917, Response: {'StoppingInstances': [{'CurrentState': {'Code': 64, 'Name': 'stopping'}, 'InstanceId': 'i-0d8ace1e54a808917', 'PreviousState': {'Code': 16, 'Name': 'running'}}], 'ResponseMetadata': {'RequestId': '211335bc-de55-46ee-bf3e-085055a36b1a', 'HTTPStatusCode': 200, 'HTTPHeaders': {'x-amzn-requestid': '211335bc-de55-46ee-bf3e-085055a36b1a', 'cache-control': 'no-cache, no-store', 'strict-transport-security': 'max-age=31536000; includeSubDomains', 'content-type': 'text/xml;charset=UTF-8', 'content-length': '579', 'date': 'Thu, 25 May 2023 13:46:45 GMT', 'server': 'AmazonEC2'}, 'RetryAttempts': 0}}
2023-05-25 08:48:30,718 [INFO] [ECS] Shutdown: Instance ID: i-0d8ace1e54a808917, Response: {'StoppingInstances': [{'CurrentState': {'Code': 80, 'Name': 'stopped'}, 'InstanceId': 'i-0d8ace1e54a808917', 'PreviousState': {'Code': 80, 'Name': 'stopped'}}], 'ResponseMetadata': {'RequestId': '81873c72-396b-43ae-ae02-3a2fbf55bbb2', 'HTTPStatusCode': 200, 'HTTPHeaders': {'x-amzn-requestid': '81873c72-396b-43ae-ae02-3a2fbf55bbb2', 'cache-control': 'no-cache, no-store', 'strict-transport-security': 'max-age=31536000; includeSubDomains', 'content-type': 'text/xml;charset=UTF-8', 'content-length': '578', 'date': 'Thu, 25 May 2023 13:48:30 GMT', 'server': 'AmazonEC2'}, 'RetryAttempts': 0}}
2023-05-25 08:54:59,634 [INFO] Found credentials in shared credentials file: ~/.aws/credentials
2023-05-25 08:54:59,634 [INFO] Found credentials in shared credentials file: ~/.aws/credentials
2023-05-25 08:55:34,983 [INFO] Found credentials in shared credentials file: ~/.aws/credentials
2023-05-25 08:56:06,865 [INFO] Found credentials in shared credentials file: ~/.aws/credentials
2023-05-25 09:07:22,173 [INFO] [ECS] Start: Instance ID: i-0d8ace1e54a808917, Response: {'StartingInstances': [{'CurrentState': {'Code': 0, 'Name': 'pending'}, 'InstanceId': 'i-0d8ace1e54a808917', 'PreviousState': {'Code': 80, 'Name': 'stopped'}}], 'ResponseMetadata': {'RequestId': '1feb873a-47d5-46f2-9910-4e3c3f38b806', 'HTTPStatusCode': 200, 'HTTPHeaders': {'x-amzn-requestid': '1feb873a-47d5-46f2-9910-4e3c3f38b806', 'cache-control': 'no-cache, no-store', 'strict-transport-security': 'max-age=31536000; includeSubDomains', 'content-type': 'text/xml;charset=UTF-8', 'content-length': '579', 'date': 'Thu, 25 May 2023 14:07:21 GMT', 'server': 'AmazonEC2'}, 'RetryAttempts': 0}}
2023-05-25 09:13:25,851 [INFO] [ECS] Health Status: Instance ID: i-0d8ace1e54a808917, Status: ok
2023-05-25 09:13:35,706 [INFO] [ECS] Health Status: Instance ID: i-0d8ace1e54a808917, Status: ok
2023-05-25 09:13:42,290 [INFO] [ECS] Health Status: Instance ID: i-0d8ace1e54a808917, Status: ok
2023-05-25 09:13:42,766 [INFO] [ECS] Stop: Instance ID: i-0d8ace1e54a808917, Response: {'StoppingInstances': [{'CurrentState': {'Code': 64, 'Name': 'stopping'}, 'InstanceId': 'i-0d8ace1e54a808917', 'PreviousState': {'Code': 16, 'Name': 'running'}}], 'ResponseMetadata': {'RequestId': '47d16310-399a-4acf-9406-23dcb3e53e6d', 'HTTPStatusCode': 200, 'HTTPHeaders': {'x-amzn-requestid': '47d16310-399a-4acf-9406-23dcb3e53e6d', 'cache-control': 'no-cache, no-store', 'strict-transport-security': 'max-age=31536000; includeSubDomains', 'content-type': 'text/xml;charset=UTF-8', 'content-length': '579', 'date': 'Thu, 25 May 2023 14:13:42 GMT', 'server': 'AmazonEC2'}, 'RetryAttempts': 0}}
2023-05-25 09:16:53,276 [INFO] [ECS] Start: Instance ID: i-0d8ace1e54a808917, Response: {'StartingInstances': [{'CurrentState': {'Code': 0, 'Name': 'pending'}, 'InstanceId': 'i-0d8ace1e54a808917', 'PreviousState': {'Code': 80, 'Name': 'stopped'}}], 'ResponseMetadata': {'RequestId': '170eea5d-39c3-41bc-bedf-7f13262068ab', 'HTTPStatusCode': 200, 'HTTPHeaders': {'x-amzn-requestid': '170eea5d-39c3-41bc-bedf-7f13262068ab', 'cache-control': 'no-cache, no-store', 'strict-transport-security': 'max-age=31536000; includeSubDomains', 'content-type': 'text/xml;charset=UTF-8', 'content-length': '579', 'date': 'Thu, 25 May 2023 14:16:53 GMT', 'server': 'AmazonEC2'}, 'RetryAttempts': 0}}
2023-05-25 09:28:18,185 [INFO] [ECS] Health Status: Instance ID: i-0d8ace1e54a808917, Status: ok
2023-05-25 09:28:18,244 [INFO] [ECS] Health Status: Instance ID: i-0d8ace1e54a808917, Status: ok
2023-05-25 09:28:43,493 [INFO] [ECS] Health Status: Instance ID: i-0d8ace1e54a808917, Status: ok
2023-05-25 09:28:54,088 [INFO] [ECS] Health Status: Instance ID: i-0d8ace1e54a808917, Status: ok
2023-05-25 09:29:29,924 [INFO] [ECS] Health Status: Instance ID: i-0d8ace1e54a808917, Status: ok
2023-05-25 09:29:40,262 [INFO] [ECS] Health Status: Instance ID: i-0d8ace1e54a808917, Status: ok
2023-05-25 09:29:52,913 [INFO] [ECS] Health Status: Instance ID: i-0d8ace1e54a808917, Status: ok
2023-05-25 09:30:02,646 [INFO] [ECS] Health Status: Instance ID: i-0d8ace1e54a808917, Status: ok
2023-05-25 09:30:18,484 [INFO] [ECS] Health Status: Instance ID: i-0d8ace1e54a808917, Status: ok
2023-05-25 09:31:45,084 [INFO] [ECS] Health Status: Instance ID: i-0d8ace1e54a808917, Status: ok
2023-05-25 09:31:45,841 [INFO] [ECS] Health Status: Instance ID: i-0d8ace1e54a808917, Status: ok
2023-05-25 09:31:50,503 [INFO] [ECS] Health Status: Instance ID: i-0d8ace1e54a808917, Status: ok
2023-05-25 09:33:28,850 [INFO] [ECS] Health Status: Instance ID: i-0d8ace1e54a808917, Status: ok
2023-05-25 09:33:42,502 [INFO] [ECS] Health Status: Instance ID: i-0d8ace1e54a808917, Status: ok
2023-05-25 09:33:51,935 [INFO] [ECS] Health Status: Instance ID: i-0d8ace1e54a808917, Status: ok
2023-05-25 09:33:52,033 [INFO] [ECS] Health Status: Instance ID: i-0d8ace1e54a808917, Status: ok
2023-05-25 09:37:10,364 [INFO] [ECS] Health Status: Instance ID: i-0d8ace1e54a808917, Status: ok
2023-05-25 09:37:36,426 [INFO] [ECS] Health Status: Instance ID: i-0d8ace1e54a808917, Status: ok
2023-05-25 09:37:41,024 [INFO] [ECS] Health Status: Instance ID: i-0d8ace1e54a808917, Status: ok
2023-05-25 09:37:41,527 [INFO] [ECS] Stop: Instance ID: i-0d8ace1e54a808917, Response: {'StoppingInstances': [{'CurrentState': {'Code': 64, 'Name': 'stopping'}, 'InstanceId': 'i-0d8ace1e54a808917', 'PreviousState': {'Code': 16, 'Name': 'running'}}], 'ResponseMetadata': {'RequestId': 'c983e7f2-6a23-48b6-9748-9ede26d38b65', 'HTTPStatusCode': 200, 'HTTPHeaders': {'x-amzn-requestid': 'c983e7f2-6a23-48b6-9748-9ede26d38b65', 'cache-control': 'no-cache, no-store', 'strict-transport-security': 'max-age=31536000; includeSubDomains', 'content-type': 'text/xml;charset=UTF-8', 'content-length': '579', 'date': 'Thu, 25 May 2023 14:37:40 GMT', 'server': 'AmazonEC2'}, 'RetryAttempts': 0}}
2023-05-25 09:43:02,068 [INFO] [ECS] Start: Instance ID: i-0d8ace1e54a808917, Response: {'StartingInstances': [{'CurrentState': {'Code': 0, 'Name': 'pending'}, 'InstanceId': 'i-0d8ace1e54a808917', 'PreviousState': {'Code': 80, 'Name': 'stopped'}}], 'ResponseMetadata': {'RequestId': '2730ff04-cac4-416c-8f8b-1c9bfdbb9fb7', 'HTTPStatusCode': 200, 'HTTPHeaders': {'x-amzn-requestid': '2730ff04-cac4-416c-8f8b-1c9bfdbb9fb7', 'cache-control': 'no-cache, no-store', 'strict-transport-security': 'max-age=31536000; includeSubDomains', 'content-type': 'text/xml;charset=UTF-8', 'content-length': '579', 'date': 'Thu, 25 May 2023 14:43:01 GMT', 'server': 'AmazonEC2'}, 'RetryAttempts': 0}}
2023-05-25 09:43:26,085 [INFO] [ECS] Health Status: Instance ID: i-0d8ace1e54a808917, Status: initializing
2023-05-25 09:43:26,608 [INFO] [ECS] Stop: Instance ID: i-0d8ace1e54a808917, Response: {'StoppingInstances': [{'CurrentState': {'Code': 64, 'Name': 'stopping'}, 'InstanceId': 'i-0d8ace1e54a808917', 'PreviousState': {'Code': 16, 'Name': 'running'}}], 'ResponseMetadata': {'RequestId': '3e0697a4-1044-4bc9-b82e-94f181b208a1', 'HTTPStatusCode': 200, 'HTTPHeaders': {'x-amzn-requestid': '3e0697a4-1044-4bc9-b82e-94f181b208a1', 'cache-control': 'no-cache, no-store', 'strict-transport-security': 'max-age=31536000; includeSubDomains', 'content-type': 'text/xml;charset=UTF-8', 'content-length': '579', 'date': 'Thu, 25 May 2023 14:43:26 GMT', 'server': 'AmazonEC2'}, 'RetryAttempts': 0}}
2023-05-25 09:54:27,813 [INFO] [ECS] Stop: Instance ID: i-0d8ace1e54a808917, Response: {'StoppingInstances': [{'CurrentState': {'Code': 80, 'Name': 'stopped'}, 'InstanceId': 'i-0d8ace1e54a808917', 'PreviousState': {'Code': 80, 'Name': 'stopped'}}], 'ResponseMetadata': {'RequestId': '2f67aad9-66de-4cbc-a7c7-5c23a19ec46f', 'HTTPStatusCode': 200, 'HTTPHeaders': {'x-amzn-requestid': '2f67aad9-66de-4cbc-a7c7-5c23a19ec46f', 'cache-control': 'no-cache, no-store', 'strict-transport-security': 'max-age=31536000; includeSubDomains', 'content-type': 'text/xml;charset=UTF-8', 'content-length': '578', 'date': 'Thu, 25 May 2023 14:54:26 GMT', 'server': 'AmazonEC2'}, 'RetryAttempts': 0}}
2023-05-25 09:54:37,005 [INFO] [ECS] Start: Instance ID: i-0d8ace1e54a808917, Response: {'StartingInstances': [{'CurrentState': {'Code': 0, 'Name': 'pending'}, 'InstanceId': 'i-0d8ace1e54a808917', 'PreviousState': {'Code': 80, 'Name': 'stopped'}}], 'ResponseMetadata': {'RequestId': '4e4a49ef-69c9-475c-bcc7-bf81d63cfee2', 'HTTPStatusCode': 200, 'HTTPHeaders': {'x-amzn-requestid': '4e4a49ef-69c9-475c-bcc7-bf81d63cfee2', 'cache-control': 'no-cache, no-store', 'strict-transport-security': 'max-age=31536000; includeSubDomains', 'content-type': 'text/xml;charset=UTF-8', 'content-length': '579', 'date': 'Thu, 25 May 2023 14:54:36 GMT', 'server': 'AmazonEC2'}, 'RetryAttempts': 0}}
2023-05-25 23:15:29,665 [INFO] [ECS] Stop: Instance ID: i-0d8ace1e54a808917, Response: {'StoppingInstances': [{'CurrentState': {'Code': 64, 'Name': 'stopping'}, 'InstanceId': 'i-0d8ace1e54a808917', 'PreviousState': {'Code': 16, 'Name': 'running'}}], 'ResponseMetadata': {'RequestId': 'bd9d1e72-6458-4898-8a6a-99814bb3babe', 'HTTPStatusCode': 200, 'HTTPHeaders': {'x-amzn-requestid': 'bd9d1e72-6458-4898-8a6a-99814bb3babe', 'cache-control': 'no-cache, no-store', 'strict-transport-security': 'max-age=31536000; includeSubDomains', 'content-type': 'text/xml;charset=UTF-8', 'content-length': '579', 'date': 'Fri, 26 May 2023 04:15:29 GMT', 'server': 'AmazonEC2'}, 'RetryAttempts': 0}}
2023-05-25 23:48:59,744 [INFO] [ECS] Start: Instance ID: i-0d8ace1e54a808917, Response: {'StartingInstances': [{'CurrentState': {'Code': 0, 'Name': 'pending'}, 'InstanceId': 'i-0d8ace1e54a808917', 'PreviousState': {'Code': 80, 'Name': 'stopped'}}], 'ResponseMetadata': {'RequestId': 'cefe2cd6-5b5c-4cbb-ae52-bb0098222b48', 'HTTPStatusCode': 200, 'HTTPHeaders': {'x-amzn-requestid': 'cefe2cd6-5b5c-4cbb-ae52-bb0098222b48', 'cache-control': 'no-cache, no-store', 'strict-transport-security': 'max-age=31536000; includeSubDomains', 'content-type': 'text/xml;charset=UTF-8', 'content-length': '579', 'date': 'Fri, 26 May 2023 04:48:58 GMT', 'server': 'AmazonEC2'}, 'RetryAttempts': 0}}
2023-05-26 00:14:28,098 [INFO] [ECS] Stop: Instance ID: i-0d8ace1e54a808917, Response: {'StoppingInstances': [{'CurrentState': {'Code': 64, 'Name': 'stopping'}, 'InstanceId': 'i-0d8ace1e54a808917', 'PreviousState': {'Code': 16, 'Name': 'running'}}], 'ResponseMetadata': {'RequestId': 'd87887f8-6fa9-40f5-ad9e-33cd1c8216bd', 'HTTPStatusCode': 200, 'HTTPHeaders': {'x-amzn-requestid': 'd87887f8-6fa9-40f5-ad9e-33cd1c8216bd', 'cache-control': 'no-cache, no-store', 'strict-transport-security': 'max-age=31536000; includeSubDomains', 'content-type': 'text/xml;charset=UTF-8', 'content-length': '579', 'date': 'Fri, 26 May 2023 05:14:27 GMT', 'server': 'AmazonEC2'}, 'RetryAttempts': 0}}
2023-05-26 00:14:54,615 [INFO] [ECS] Stop: Instance ID: i-04f192c92765e23ed, Response: {'StoppingInstances': [{'CurrentState': {'Code': 64, 'Name': 'stopping'}, 'InstanceId': 'i-04f192c92765e23ed', 'PreviousState': {'Code': 16, 'Name': 'running'}}], 'ResponseMetadata': {'RequestId': '293821de-cc0d-468a-a57a-5158f860ea65', 'HTTPStatusCode': 200, 'HTTPHeaders': {'x-amzn-requestid': '293821de-cc0d-468a-a57a-5158f860ea65', 'cache-control': 'no-cache, no-store', 'strict-transport-security': 'max-age=31536000; includeSubDomains', 'content-type': 'text/xml;charset=UTF-8', 'content-length': '579', 'date': 'Fri, 26 May 2023 05:14:54 GMT', 'server': 'AmazonEC2'}, 'RetryAttempts': 0}}
